#
# A fatal error has been detected by the Java Runtime Environment:
#
#  EXCEPTION_ACCESS_VIOLATION (0xc0000005) at pc=0x8c000000, pid=1424, tid=2588
#
# JRE version: Java(TM) SE Runtime Environment (7.0_71-b14) (build 1.7.0_71-b14)
# Java VM: Java HotSpot(TM) Client VM (24.71-b01 mixed mode windows-x86 )
# Problematic frame:
# C  0x8c000000
#
# Failed to write core dump. Minidumps are not enabled by default on client versions of Windows
#
# If you would like to submit a bug report, please visit:
#   http://bugreport.sun.com/bugreport/crash.jsp
# The crash happened outside the Java Virtual Machine in native code.
# See problematic frame for where to report the bug.
#

---------------  T H R E A D  ---------------

Current thread (0x2cced800):  JavaThread "AWT-Windows" daemon [_thread_in_native, id=2588, stack(0x320b0000,0x321b0000)]

siginfo: ExceptionCode=0xc0000005, ExceptionInformation=0x00000008 0x8c000000

Registers:
EAX=0x00000002, EBX=0x00000001, ECX=0x00000001, EDX=0x321ae644
ESP=0x321ae60c, EBP=0x321ae66c, ESI=0x0003045e, EDI=0x00000000
EIP=0x8c000000, EFLAGS=0x00010246

Top of Stack: (sp=0x321ae60c)
0x321ae60c:   7475f5ee 0003045e 00000282 00000001
0x321ae61c:   00000000 00000002 00000003 4454faa2
0x321ae62c:   00000000 2f59a128 00000001 4a312332
0x321ae63c:   00000002 321af154 8c000000 00000002
0x321ae64c:   00000003 4454faa2 321ae628 321ae09c
0x321ae65c:   321ae734 74857331 023beade 00000000
0x321ae66c:   321ae690 7475f5a2 2f59a128 0003045e
0x321ae67c:   00000282 00000001 00000000 76422a01 

Instructions: (pc=0x8c000000)
0x8bffffe0:   
[error occurred during error reporting (printing registers, top of stack, instructions near pc), id 0xc0000005]

Register to memory mapping:

EAX=0x00000002 is an unknown value
EBX=0x00000001 is an unknown value
ECX=0x00000001 is an unknown value
EDX=0x321ae644 is pointing into the stack for thread: 0x2cced800
ESP=0x321ae60c is pointing into the stack for thread: 0x2cced800
EBP=0x321ae66c is pointing into the stack for thread: 0x2cced800
ESI=0x0003045e is pointing into the stack for thread: 0x01b7c400
EDI=0x00000000 is an unknown value


Stack: [0x320b0000,0x321b0000],  sp=0x321ae60c,  free space=1017k
Native frames: (J=compiled Java code, j=interpreted, Vv=VM code, C=native code)
C  0x8c000000
C  [COMCTL32.dll+0x2f5a2]
C  [awt.dll+0xb0672]
C  [awt.dll+0x716d9]
C  [awt.dll+0x733c2]
C  [awt.dll+0x708ae]
C  [USER32.dll+0x1c4e7]
C  [USER32.dll+0x1c5e7]
C  [USER32.dll+0x11b31]
C  [USER32.dll+0x11b57]
C  [awt.dll+0xb06c8]
C  [COMCTL32.dll+0x2f5ee]
C  [COMCTL32.dll+0x2f490]
C  [USER32.dll+0x1c4e7]
C  [USER32.dll+0x1c5e7]
C  [USER32.dll+0x15294]
C  [USER32.dll+0x15582]
C  [USER32.dll+0x11fd0]
C  [USER32.dll+0xb1bc]
C  [USER32.dll+0x102ed]
C  [USER32.dll+0x10688]
C  [USER32.dll+0x1c4e7]
C  [USER32.dll+0x1c5e7]
C  [USER32.dll+0x15294]
C  [USER32.dll+0x11cca]
C  [USER32.dll+0x15138]
C  [USER32.dll+0x150d1]
C  [USER32.dll+0x1c4e7]
C  [USER32.dll+0x1c5e7]
C  [USER32.dll+0x11b31]
C  [USER32.dll+0x11b57]
C  [COMCTL32.dll+0x2f443]
C  [COMCTL32.dll+0x2f5ee]
C  [COMCTL32.dll+0x2f5a2]
C  [awt.dll+0xb0672]
C  [awt.dll+0x716d9]
C  [awt.dll+0x733c2]
C  [awt.dll+0x939e9]
C  [awt.dll+0x7bfb3]
C  [awt.dll+0x708ae]
C  [USER32.dll+0x1c4e7]
C  [USER32.dll+0x1c5e7]
C  [USER32.dll+0x11b31]
C  [USER32.dll+0x11b57]
C  [awt.dll+0xb06c8]
C  [COMCTL32.dll+0x2f5ee]
C  [COMCTL32.dll+0x2f490]
C  [USER32.dll+0x1c4e7]
C  [USER32.dll+0x1c5e7]
C  [USER32.dll+0x15294]
C  [USER32.dll+0x15582]
C  [IMM32.DLL+0x2c3f]
C  [USER32.dll+0x11ead]
C  [USER32.dll+0x10343]
C  [USER32.dll+0x102d8]
C  [USER32.dll+0x10688]
C  [USER32.dll+0x1c4e7]
C  [USER32.dll+0x1c5e7]
C  [USER32.dll+0x14f0e]
C  [USER32.dll+0x14f7d]

Java frames: (J=compiled Java code, j=interpreted, Vv=VM code)
j  sun.awt.windows.WToolkit.eventLoop()V+0
j  sun.awt.windows.WToolkit.run()V+61
j  java.lang.Thread.run()V+11
v  ~StubRoutines::call_stub

---------------  P R O C E S S  ---------------

Java Threads: ( => current thread )
  0x29f84c00 JavaThread "Worker-6" [_thread_blocked, id=2272, stack(0x35f90000,0x36090000)]
  0x2ccec400 JavaThread "AWT-EventQueue-0" [_thread_in_native, id=3440, stack(0x321b0000,0x322b0000)]
  0x2ccee000 JavaThread "AWT-Shutdown" [_thread_blocked, id=1968, stack(0x2c560000,0x2c660000)]
  0x2cced000 JavaThread "Worker-5" [_thread_blocked, id=3640, stack(0x31fb0000,0x320b0000)]
  0x29f84400 JavaThread "Thread-10" [_thread_in_native, id=3064, stack(0x34d20000,0x34e20000)]
  0x29f84000 JavaThread "Thread-8" [_thread_in_native, id=2812, stack(0x339d0000,0x33ad0000)]
  0x2ccee400 JavaThread "TimerQueue" daemon [_thread_blocked, id=3868, stack(0x35420000,0x35520000)]
  0x29f83800 JavaThread "JCEF-MessageQueue" [_thread_blocked, id=3812, stack(0x35020000,0x35120000)]
=>0x2cced800 JavaThread "AWT-Windows" daemon [_thread_in_native, id=2588, stack(0x320b0000,0x321b0000)]
  0x2cceb800 JavaThread "Java2D Disposer" daemon [_thread_blocked, id=3892, stack(0x31eb0000,0x31fb0000)]
  0x2ccecc00 JavaThread "Bundle File Closer" daemon [_thread_blocked, id=3648, stack(0x31d60000,0x31e60000)]
  0x2cceb400 JavaThread "Pool C:\Users\Student\AppData\Roaming\CooCox\CoIDE\repo\CODB_SIMPLIFY.FDB idleRemover" daemon [_thread_blocked, id=2492, stack(0x312d0000,0x313d0000)]
  0x2b2e5c00 JavaThread "Worker-3" [_thread_blocked, id=1752, stack(0x2c9f0000,0x2caf0000)]
  0x2b2d4000 JavaThread "Worker-2" [_thread_blocked, id=3260, stack(0x2c8f0000,0x2c9f0000)]
  0x2af56800 JavaThread "Worker-1" [_thread_blocked, id=2744, stack(0x2b8f0000,0x2b9f0000)]
  0x29f69800 JavaThread "Worker-JM" [_thread_blocked, id=3016, stack(0x2aa60000,0x2ab60000)]
  0x29e85800 JavaThread "Framework Event Dispatcher" daemon [_thread_blocked, id=3088, stack(0x2a960000,0x2aa60000)]
  0x29e84000 JavaThread "Start Level Event Dispatcher" daemon [_thread_blocked, id=3084, stack(0x2a860000,0x2a960000)]
  0x29f34000 JavaThread "State Data Manager" daemon [_thread_blocked, id=2376, stack(0x2a760000,0x2a860000)]
  0x29eb2800 JavaThread "Framework Active Thread" [_thread_blocked, id=2504, stack(0x2a660000,0x2a760000)]
  0x29442000 JavaThread "Service Thread" daemon [_thread_blocked, id=3180, stack(0x29be0000,0x29ce0000)]
  0x2943d400 JavaThread "C1 CompilerThread0" daemon [_thread_blocked, id=2120, stack(0x29ae0000,0x29be0000)]
  0x2943cc00 JavaThread "Attach Listener" daemon [_thread_blocked, id=624, stack(0x299e0000,0x29ae0000)]
  0x2943c400 JavaThread "Signal Dispatcher" daemon [_thread_blocked, id=2748, stack(0x298e0000,0x299e0000)]
  0x29413400 JavaThread "Surrogate Locker Thread (Concurrent GC)" daemon [_thread_blocked, id=2372, stack(0x297e0000,0x298e0000)]
  0x2940a000 JavaThread "Finalizer" daemon [_thread_blocked, id=2988, stack(0x296e0000,0x297e0000)]
  0x29405800 JavaThread "Reference Handler" daemon [_thread_blocked, id=4036, stack(0x295e0000,0x296e0000)]
  0x01b7c400 JavaThread "main" [_thread_in_native, id=3488, stack(0x00030000,0x00130000)]

Other Threads:
  0x293fe400 VMThread [stack: 0x294e0000,0x295e0000] [id=3360]
  0x2945cc00 WatcherThread [stack: 0x29ce0000,0x29de0000] [id=2388]

VM state:not at safepoint (normal execution)

VM Mutex/Monitor currently owned by a thread: None

Heap
 par new generation   total 18432K, used 9901K [0x04000000, 0x05400000, 0x0eaa0000)
  eden space 16384K,  48% used [0x04000000, 0x047aed88, 0x05000000)
  from space 2048K,  99% used [0x05000000, 0x051fc980, 0x05200000)
  to   space 2048K,   0% used [0x05200000, 0x05200000, 0x05400000)
 concurrent mark-sweep generation total 40960K, used 35429K [0x0eaa0000, 0x112a0000, 0x24000000)
 concurrent-mark-sweep perm gen total 56900K, used 39794K [0x24000000, 0x27791000, 0x28000000)

Card table byte_map: [0x28000000,0x28130000] byte_map_base: 0x27fe0000

Polling page: 0x002e0000

Code Cache  [0x01b80000, 0x02090000, 0x03b80000)
 total_blobs=2699 nmethods=2439 adapters=194 free_code_cache=27594Kb largest_free_block=28255168

Compilation events (10 events):
Event: 144.576 Thread 0x2943d400 2466             org.eclipse.swt.widgets.Display::sleep (42 bytes)
Event: 144.577 Thread 0x2943d400 nmethod 2466 0x02084d48 code [0x02084e60, 0x020850b8]
Event: 157.314 Thread 0x2943d400 2468             org.eclipse.jface.bindings.keys.KeyLookupFactory::getDefault (4 bytes)
Event: 157.314 Thread 0x2943d400 nmethod 2468 0x02085448 code [0x02085540, 0x020855b0]
Event: 157.314 Thread 0x2943d400 2469             org.eclipse.jface.action.ActionContributionItem::update (1325 bytes)
Event: 157.319 Thread 0x2943d400 nmethod 2469 0x02085608 code [0x02085dd0, 0x02088ac0]
Event: 157.319 Thread 0x2943d400 2470             org.eclipse.core.commands.ParameterizedCommand::hashCode (102 bytes)
Event: 157.319 Thread 0x2943d400 nmethod 2470 0x0208d608 code [0x0208d720, 0x0208d898]
Event: 157.319 Thread 0x2943d400 2471             org.eclipse.jface.action.SubContributionItem::update (11 bytes)
Event: 157.319 Thread 0x2943d400 nmethod 2471 0x0208da48 code [0x0208db50, 0x0208dbec]

GC Heap History (10 events):
Event: 27.494 GC heap before
{Heap before GC invocations=13 (full 3):
 par new generation   total 18432K, used 18432K [0x04000000, 0x05400000, 0x0eaa0000)
  eden space 16384K, 100% used [0x04000000, 0x05000000, 0x05000000)
  from space 2048K, 100% used [0x05200000, 0x05400000, 0x05400000)
  to   space 2048K,   0% used [0x05000000, 0x05000000, 0x05200000)
 concurrent mark-sweep generation total 40960K, used 24839K [0x0eaa0000, 0x112a0000, 0x24000000)
 concurrent-mark-sweep perm gen total 56900K, used 38690K [0x24000000, 0x27791000, 0x28000000)
Event: 27.498 GC heap after
Heap after GC invocations=14 (full 3):
 par new generation   total 18432K, used 2048K [0x04000000, 0x05400000, 0x0eaa0000)
  eden space 16384K,   0% used [0x04000000, 0x04000000, 0x05000000)
  from space 2048K, 100% used [0x05000000, 0x05200000, 0x05200000)
  to   space 2048K,   0% used [0x05200000, 0x05200000, 0x05400000)
 concurrent mark-sweep generation total 40960K, used 26733K [0x0eaa0000, 0x112a0000, 0x24000000)
 concurrent-mark-sweep perm gen total 56900K, used 38690K [0x24000000, 0x27791000, 0x28000000)
}
Event: 57.263 GC heap before
{Heap before GC invocations=14 (full 3):
 par new generation   total 18432K, used 18340K [0x04000000, 0x05400000, 0x0eaa0000)
  eden space 16384K,  99% used [0x04000000, 0x04fe90c0, 0x05000000)
  from space 2048K, 100% used [0x05000000, 0x05200000, 0x05200000)
  to   space 2048K,   0% used [0x05200000, 0x05200000, 0x05400000)
 concurrent mark-sweep generation total 40960K, used 26733K [0x0eaa0000, 0x112a0000, 0x24000000)
 concurrent-mark-sweep perm gen total 56900K, used 39640K [0x24000000, 0x27791000, 0x28000000)
Event: 57.268 GC heap after
Heap after GC invocations=15 (full 3):
 par new generation   total 18432K, used 2048K [0x04000000, 0x05400000, 0x0eaa0000)
  eden space 16384K,   0% used [0x04000000, 0x04000000, 0x05000000)
  from space 2048K, 100% used [0x05200000, 0x05400000, 0x05400000)
  to   space 2048K,   0% used [0x05000000, 0x05000000, 0x05200000)
 concurrent mark-sweep generation total 40960K, used 30454K [0x0eaa0000, 0x112a0000, 0x24000000)
 concurrent-mark-sweep perm gen total 56900K, used 39640K [0x24000000, 0x27791000, 0x28000000)
}
Event: 57.299 GC heap before
{Heap before GC invocations=15 (full 3):
 par new generation   total 18432K, used 18432K [0x04000000, 0x05400000, 0x0eaa0000)
  eden space 16384K, 100% used [0x04000000, 0x05000000, 0x05000000)
  from space 2048K, 100% used [0x05200000, 0x05400000, 0x05400000)
  to   space 2048K,   0% used [0x05000000, 0x05000000, 0x05200000)
 concurrent mark-sweep generation total 40960K, used 30454K [0x0eaa0000, 0x112a0000, 0x24000000)
 concurrent-mark-sweep perm gen total 56900K, used 39640K [0x24000000, 0x27791000, 0x28000000)
Event: 57.303 GC heap after
Heap after GC invocations=16 (full 3):
 par new generation   total 18432K, used 2048K [0x04000000, 0x05400000, 0x0eaa0000)
  eden space 16384K,   0% used [0x04000000, 0x04000000, 0x05000000)
  from space 2048K, 100% used [0x05000000, 0x05200000, 0x05200000)
  to   space 2048K,   0% used [0x05200000, 0x05200000, 0x05400000)
 concurrent mark-sweep generation total 40960K, used 32071K [0x0eaa0000, 0x112a0000, 0x24000000)
 concurrent-mark-sweep perm gen total 56900K, used 39640K [0x24000000, 0x27791000, 0x28000000)
}
Event: 57.325 GC heap before
{Heap before GC invocations=16 (full 3):
 par new generation   total 18432K, used 18432K [0x04000000, 0x05400000, 0x0eaa0000)
  eden space 16384K, 100% used [0x04000000, 0x05000000, 0x05000000)
  from space 2048K, 100% used [0x05000000, 0x05200000, 0x05200000)
  to   space 2048K,   0% used [0x05200000, 0x05200000, 0x05400000)
 concurrent mark-sweep generation total 40960K, used 32071K [0x0eaa0000, 0x112a0000, 0x24000000)
 concurrent-mark-sweep perm gen total 56900K, used 39640K [0x24000000, 0x27791000, 0x28000000)
Event: 57.329 GC heap after
Heap after GC invocations=17 (full 3):
 par new generation   total 18432K, used 2048K [0x04000000, 0x05400000, 0x0eaa0000)
  eden space 16384K,   0% used [0x04000000, 0x04000000, 0x05000000)
  from space 2048K, 100% used [0x05200000, 0x05400000, 0x05400000)
  to   space 2048K,   0% used [0x05000000, 0x05000000, 0x05200000)
 concurrent mark-sweep generation total 40960K, used 33773K [0x0eaa0000, 0x112a0000, 0x24000000)
 concurrent-mark-sweep perm gen total 56900K, used 39640K [0x24000000, 0x27791000, 0x28000000)
}
Event: 57.349 GC heap before
{Heap before GC invocations=17 (full 3):
 par new generation   total 18432K, used 18432K [0x04000000, 0x05400000, 0x0eaa0000)
  eden space 16384K, 100% used [0x04000000, 0x05000000, 0x05000000)
  from space 2048K, 100% used [0x05200000, 0x05400000, 0x05400000)
  to   space 2048K,   0% used [0x05000000, 0x05000000, 0x05200000)
 concurrent mark-sweep generation total 40960K, used 33773K [0x0eaa0000, 0x112a0000, 0x24000000)
 concurrent-mark-sweep perm gen total 56900K, used 39640K [0x24000000, 0x27791000, 0x28000000)
Event: 57.355 GC heap after
Heap after GC invocations=18 (full 3):
 par new generation   total 18432K, used 2034K [0x04000000, 0x05400000, 0x0eaa0000)
  eden space 16384K,   0% used [0x04000000, 0x04000000, 0x05000000)
  from space 2048K,  99% used [0x05000000, 0x051fc980, 0x05200000)
  to   space 2048K,   0% used [0x05200000, 0x05200000, 0x05400000)
 concurrent mark-sweep generation total 40960K, used 35429K [0x0eaa0000, 0x112a0000, 0x24000000)
 concurrent-mark-sweep perm gen total 56900K, used 39640K [0x24000000, 0x27791000, 0x28000000)
}

Deoptimization events (0 events):
No events

Internal exceptions (10 events):
Event: 38.725 Thread 0x29f84c00 Threw 0x04a0f090 at C:\re\jdk7u71\1605\hotspot\src\share\vm\prims\jni.cpp:717
Event: 38.725 Thread 0x29f84c00 Threw 0x04a0f1f8 at C:\re\jdk7u71\1605\hotspot\src\share\vm\prims\jni.cpp:717
Event: 60.319 Thread 0x29f85400 Threw 0x04441f08 at C:\re\jdk7u71\1605\hotspot\src\share\vm\prims\jni.cpp:717
Event: 60.319 Thread 0x29f85400 Threw 0x044420a0 at C:\re\jdk7u71\1605\hotspot\src\share\vm\prims\jni.cpp:717
Event: 60.319 Thread 0x29f85400 Threw 0x04442208 at C:\re\jdk7u71\1605\hotspot\src\share\vm\prims\jni.cpp:717
Event: 63.048 Thread 0x01b7c400 Threw 0x044ce558 at C:\re\jdk7u71\1605\hotspot\src\share\vm\prims\jvm.cpp:1281
Event: 63.049 Thread 0x01b7c400 Threw 0x044d0800 at C:\re\jdk7u71\1605\hotspot\src\share\vm\prims\jvm.cpp:1281
Event: 88.555 Thread 0x29f84c00 Threw 0x04733d00 at C:\re\jdk7u71\1605\hotspot\src\share\vm\prims\jni.cpp:717
Event: 88.555 Thread 0x29f84c00 Threw 0x04733e98 at C:\re\jdk7u71\1605\hotspot\src\share\vm\prims\jni.cpp:717
Event: 88.555 Thread 0x29f84c00 Threw 0x04734000 at C:\re\jdk7u71\1605\hotspot\src\share\vm\prims\jni.cpp:717

Events (10 events):
Event: 88.552 Executing VM operation: RevokeBias
Event: 88.552 Executing VM operation: RevokeBias done
Event: 88.556 Executing VM operation: RevokeBias
Event: 88.556 Executing VM operation: RevokeBias done
Event: 88.556 Thread 0x29f84c00 Thread exited: 0x29f84c00
Event: 111.958 Thread 0x29f84c00 Thread added: 0x29f84c00
Event: 157.229 Thread 0x2ae7bc00 Thread exited: 0x2ae7bc00
Event: 157.229 Thread 0x2cceac00 Thread exited: 0x2cceac00
Event: 157.315 Executing VM operation: BulkRevokeBias
Event: 157.316 Executing VM operation: BulkRevokeBias done


Dynamic libraries:
0x00400000 - 0x0040d000 	C:\CooCox\CoIDE_V2Beta\CoIDE.exe
0x778b0000 - 0x779ec000 	C:\Windows\SYSTEM32\ntdll.dll
0x763e0000 - 0x764b4000 	C:\Windows\system32\kernel32.dll
0x75bf0000 - 0x75c3b000 	C:\Windows\system32\KERNELBASE.dll
0x76770000 - 0x76839000 	C:\Windows\system32\USER32.dll
0x764c0000 - 0x7650e000 	C:\Windows\system32\GDI32.dll
0x75e00000 - 0x75e0a000 	C:\Windows\system32\LPK.dll
0x760a0000 - 0x7613d000 	C:\Windows\system32\USP10.dll
0x77800000 - 0x778ac000 	C:\Windows\system32\msvcrt.dll
0x6cf50000 - 0x6cfd4000 	C:\Windows\WinSxS\x86_microsoft.windows.common-controls_6595b64144ccf1df_5.82.7601.18201_none_ec80f00e8593ece5\COMCTL32.dll
0x762b0000 - 0x76350000 	C:\Windows\system32\ADVAPI32.dll
0x76b10000 - 0x76b29000 	C:\Windows\SYSTEM32\sechost.dll
0x75e10000 - 0x75eb2000 	C:\Windows\system32\RPCRT4.dll
0x76840000 - 0x7685f000 	C:\Windows\system32\IMM32.DLL
0x77a10000 - 0x77adc000 	C:\Windows\system32\MSCTF.dll
0x72000000 - 0x7200d000 	C:\CooCox\CoIDE_V2Beta\plugins\org.eclipse.equinox.launcher.win32.win32.x86_1.1.100.v20110502\eclipse_1406.dll
0x74c80000 - 0x74c89000 	C:\Windows\system32\VERSION.dll
0x63070000 - 0x633f9000 	C:\CooCox\CoIDE_V2Beta\jre\bin\client\jvm.dll
0x71950000 - 0x71957000 	C:\Windows\system32\WSOCK32.dll
0x76350000 - 0x76385000 	C:\Windows\system32\WS2_32.dll
0x76140000 - 0x76146000 	C:\Windows\system32\NSI.dll
0x73070000 - 0x730a2000 	C:\Windows\system32\WINMM.dll
0x779f0000 - 0x779f5000 	C:\Windows\system32\PSAPI.DLL
0x6cbc0000 - 0x6cc7f000 	C:\Windows\system32\MSVCR100.dll
0x717e0000 - 0x717ec000 	C:\CooCox\CoIDE_V2Beta\jre\bin\verify.dll
0x67890000 - 0x678b0000 	C:\CooCox\CoIDE_V2Beta\jre\bin\java.dll
0x67460000 - 0x67473000 	C:\CooCox\CoIDE_V2Beta\jre\bin\zip.dll
0x75360000 - 0x75376000 	C:\Windows\system32\CRYPTSP.dll
0x75100000 - 0x7513b000 	C:\Windows\system32\rsaenh.dll
0x75b70000 - 0x75b87000 	C:\Windows\system32\USERENV.dll
0x75920000 - 0x7592b000 	C:\Windows\system32\profapi.dll
0x75840000 - 0x7584c000 	C:\Windows\system32\CRYPTBASE.dll
0x63050000 - 0x63064000 	C:\CooCox\CoIDE_V2Beta\jre\bin\net.dll
0x75320000 - 0x7535c000 	C:\Windows\system32\mswsock.dll
0x75310000 - 0x75316000 	C:\Windows\System32\wship6.dll
0x72da0000 - 0x72dbc000 	C:\Windows\system32\IPHLPAPI.DLL
0x72d80000 - 0x72d87000 	C:\Windows\system32\WINNSI.DLL
0x72bf0000 - 0x72bfd000 	C:\Windows\system32\dhcpcsvc6.DLL
0x72bd0000 - 0x72be2000 	C:\Windows\system32\dhcpcsvc.DLL
0x71270000 - 0x7127f000 	C:\CooCox\CoIDE_V2Beta\jre\bin\nio.dll
0x745b0000 - 0x745f0000 	C:\Windows\system32\uxtheme.dll
0x76150000 - 0x762ac000 	C:\Windows\system32\ole32.dll
0x731d0000 - 0x731e0000 	C:\Windows\system32\NLAapi.dll
0x6b7d0000 - 0x6b7e0000 	C:\Windows\system32\napinsp.dll
0x6b7b0000 - 0x6b7c2000 	C:\Windows\system32\pnrpnsp.dll
0x751e0000 - 0x75224000 	C:\Windows\system32\DNSAPI.dll
0x6b7a0000 - 0x6b7a8000 	C:\Windows\System32\winrnr.dll
0x74e60000 - 0x74e65000 	C:\Windows\System32\wshtcpip.dll
0x6ea70000 - 0x6ea76000 	C:\Windows\system32\rasadhlp.dll
0x72c50000 - 0x72c88000 	C:\Windows\System32\fwpuclnt.dll
0x2a420000 - 0x2a48e000 	C:\CooCox\CoIDE_V2Beta\configuration\org.eclipse.osgi\bundles\109\1\.cp\swt-win32-3740.dll
0x766e0000 - 0x7676f000 	C:\Windows\system32\OLEAUT32.dll
0x77780000 - 0x777fb000 	C:\Windows\system32\comdlg32.dll
0x75ec0000 - 0x75f17000 	C:\Windows\system32\SHLWAPI.dll
0x74730000 - 0x748ce000 	C:\Windows\WinSxS\x86_microsoft.windows.common-controls_6595b64144ccf1df_6.0.7601.17514_none_41e6975e2bd6f2b2\COMCTL32.dll
0x76b30000 - 0x7777a000 	C:\Windows\system32\SHELL32.dll
0x6dc00000 - 0x6dc51000 	C:\Windows\system32\WINSPOOL.DRV
0x75c40000 - 0x75dfd000 	C:\Windows\system32\WININET.dll
0x759f0000 - 0x759f4000 	C:\Windows\system32\api-ms-win-downlevel-user32-l1-1-0.dll
0x75bc0000 - 0x75bc4000 	C:\Windows\system32\api-ms-win-downlevel-shlwapi-l1-1-0.dll
0x75940000 - 0x75944000 	C:\Windows\system32\api-ms-win-downlevel-version-l1-1-0.dll
0x75b20000 - 0x75b23000 	C:\Windows\system32\api-ms-win-downlevel-normaliz-l1-1-0.dll
0x77a00000 - 0x77a03000 	C:\Windows\system32\normaliz.DLL
0x76860000 - 0x76a79000 	C:\Windows\system32\iertutil.dll
0x75b60000 - 0x75b65000 	C:\Windows\system32\api-ms-win-downlevel-advapi32-l1-1-0.dll
0x75a00000 - 0x75b20000 	C:\Windows\system32\CRYPT32.dll
0x75930000 - 0x7593c000 	C:\Windows\system32\MSASN1.dll
0x74280000 - 0x74293000 	C:\Windows\system32\dwmapi.dll
0x745f0000 - 0x746e5000 	C:\Windows\system32\propsys.dll
0x76a80000 - 0x76b03000 	C:\Windows\system32\CLBCatQ.DLL
0x2a2e0000 - 0x2a2fd000 	C:\CooCox\CoIDE_V2Beta\configuration\org.eclipse.osgi\bundles\109\1\.cp\swt-gdip-win32-3740.dll
0x74420000 - 0x745b0000 	C:\Windows\WinSxS\x86_microsoft.windows.gdiplus_6595b64144ccf1df_1.1.7601.18455_none_72d576ad8665e853\gdiplus.dll
0x74120000 - 0x74250000 	C:\Windows\system32\WindowsCodecs.dll
0x6d660000 - 0x6d7cf000 	C:\Windows\system32\explorerframe.dll
0x74330000 - 0x7435f000 	C:\Windows\system32\DUser.dll
0x74360000 - 0x74412000 	C:\Windows\system32\DUI70.dll
0x697b0000 - 0x697ec000 	C:\Windows\system32\oleacc.dll
0x758b0000 - 0x758be000 	C:\Windows\system32\RpcRtRemote.dll
0x725d0000 - 0x725d5000 	C:\Windows\system32\msimg32.dll
0x673c0000 - 0x673cc000 	C:\CooCox\CoIDE_V2Beta\bin\jRegistryKey.dll
0x757f0000 - 0x7583c000 	C:\Windows\system32\apphelp.dll
0x69da0000 - 0x6a8d8000 	C:\Windows\System32\ieframe.dll
0x73310000 - 0x73314000 	C:\Windows\System32\api-ms-win-downlevel-shell32-l1-1-0.dll
0x6e510000 - 0x6e514000 	C:\Windows\system32\api-ms-win-downlevel-shlwapi-l2-1-0.dll
0x75f20000 - 0x76040000 	C:\Windows\system32\urlmon.dll
0x75950000 - 0x75954000 	C:\Windows\system32\api-ms-win-downlevel-ole32-l1-1-0.dll
0x75850000 - 0x758af000 	C:\Windows\system32\SXS.DLL
0x61fc0000 - 0x63043000 	C:\Windows\System32\mshtml.dll
0x725e0000 - 0x725e4000 	C:\Windows\system32\api-ms-win-downlevel-advapi32-l2-1-0.dll
0x75690000 - 0x75698000 	C:\Windows\system32\Secur32.dll
0x757d0000 - 0x757eb000 	C:\Windows\system32\SSPICLI.DLL
0x61ba0000 - 0x61fb7000 	C:\Windows\System32\jscript9.dll
0x6cf40000 - 0x6cf4b000 	C:\Windows\system32\msimtf.dll
0x67bb0000 - 0x67bde000 	C:\Windows\system32\MLANG.dll
0x742a0000 - 0x742d9000 	C:\Windows\system32\MMDevAPI.DLL
0x72b90000 - 0x72bc0000 	C:\Windows\system32\wdmaud.drv
0x72b80000 - 0x72b84000 	C:\Windows\system32\ksuser.dll
0x73f40000 - 0x73f47000 	C:\Windows\system32\AVRT.dll
0x6e700000 - 0x6e75a000 	C:\Windows\System32\netprofm.dll
0x6dc60000 - 0x6dc68000 	C:\Windows\System32\npmproxy.dll
0x61b10000 - 0x61b9c000 	C:\Windows\system32\uiautomationcore.dll
0x617c0000 - 0x61b07000 	C:\Windows\system32\d2d1.dll
0x61680000 - 0x617b5000 	C:\Windows\system32\DWrite.dll
0x6dba0000 - 0x6dbec000 	C:\Windows\system32\dxgi.dll
0x75b90000 - 0x75bbe000 	C:\Windows\system32\WINTRUST.dll
0x6d8e0000 - 0x6da55000 	C:\Windows\system32\d3d11.dll
0x61490000 - 0x61679000 	C:\Windows\system32\D3D10Warp.dll
0x61460000 - 0x61485000 	C:\CooCox\CoIDE_V2Beta\jre\bin\jaybird22.dll
0x30580000 - 0x3092d000 	C:\CooCox\CoIDE_V2Beta\jre\bin\fbembed.dll
0x70400000 - 0x7049b000 	C:\Windows\WinSxS\x86_microsoft.vc80.crt_1fc8b3b9a1e18e3b_8.0.50727.6195_none_d09154e044272b9a\MSVCR80.dll
0x6e4f0000 - 0x6e502000 	C:\Windows\system32\MPR.dll
0x4a800000 - 0x4a8a8000 	C:\CooCox\CoIDE_V2Beta\jre\bin\icuuc30.dll
0x4ad00000 - 0x4ae7f000 	C:\CooCox\CoIDE_V2Beta\jre\bin\icudt30.dll
0x30950000 - 0x30956000 	C:\CooCox\CoIDE_V2Beta\jre\bin\ib_util.dll
0x30ab0000 - 0x30b93000 	C:\CooCox\CoIDE_V2Beta\jre\bin\intl\fbintl.DLL
0x74b90000 - 0x74bb1000 	C:\Windows\system32\ntmarta.dll
0x76390000 - 0x763d5000 	C:\Windows\system32\WLDAP32.dll
0x315d0000 - 0x315de000 	C:\CooCox\CoIDE_V2Beta\configuration\org.eclipse.osgi\bundles\66\1\.cp\os\win32\x86\localfile_1_0_0.dll
0x76510000 - 0x766ad000 	C:\Windows\system32\SETUPAPI.dll
0x75b30000 - 0x75b57000 	C:\Windows\system32\CFGMGR32.dll
0x75bd0000 - 0x75be2000 	C:\Windows\system32\DEVOBJ.dll
0x75470000 - 0x75487000 	C:\Windows\system32\bcrypt.dll
0x75040000 - 0x7507d000 	C:\Windows\system32\bcryptprimitives.dll
0x61310000 - 0x61453000 	C:\CooCox\CoIDE_V2Beta\jre\bin\awt.dll
0x612d0000 - 0x61309000 	C:\CooCox\CoIDE_V2Beta\jre\bin\fontmanager.dll
0x612c0000 - 0x612c6000 	C:\CooCox\CoIDE_V2Beta\jre\bin\jawt.dll
0x5eb80000 - 0x612b4000 	C:\CooCox\CoIDE_V2Beta\bin\Release\libcef.dll
0x73f50000 - 0x73fa8000 	C:\Windows\system32\WINHTTP.dll

VM Arguments:
jvm_args: -Dosgi.parentClassloader=ext --launcher.XXMaxPermSize 256M -vmargs -Xms60m -Xmx512m -XX:+UseConcMarkSweepGC -XX:+CMSClassUnloadingEnabled 
java_command: <unknown>
Launcher Type: generic

Environment Variables:
PATH=C:/CooCox/CoIDE_V2Beta/jre/bin/client;C:/CooCox/CoIDE_V2Beta/jre/bin;C:/CooCox/CoIDE_V2Beta/jre/lib/i386;C:\Program Files\Dell\DW WLAN Card;C:\Windows\system32;C:\Windows;C:\Windows\System32\Wbem;C:\Windows\System32\WindowsPowerShell\v1.0\;c:\altera\91\quartus\bin;C:\Program Files\Perforce;C:\Ruby200\bin;C:\MinGW\bin;C:\MinGW\msys\1.0\bin;C:\Python33\;C:\CooCox\CoIDE_V2Beta\gcc\bin;C:\CooCox\CoIDE_V2Beta\bin;C:\Program Files\Dell\DW WLAN Card;C:\Windows\system32;C:\Windows;C:\Windows\System32\Wbem;C:\Windows\System32\WindowsPowerShell\v1.0\;c:\altera\91\quartus\bin;C:\Program Files\Perforce;C:\Users\Student\CoIDE\workspace\RTOS_bllinking_LED-master;
USERNAME=Student
OS=Windows_NT
PROCESSOR_IDENTIFIER=x86 Family 6 Model 58 Stepping 9, GenuineIntel



---------------  S Y S T E M  ---------------

OS: Windows 7 Build 7601 Service Pack 1

CPU:total 4 (4 cores per cpu, 1 threads per core) family 6 model 58 stepping 9, cmov, cx8, fxsr, mmx, sse, sse2, sse3, ssse3, sse4.1, sse4.2, popcnt, avx, aes, erms, tsc, tscinvbit, tscinv

Memory: 4k page, physical 3655760k(2616764k free), swap 7309768k(6274528k free)

vm_info: Java HotSpot(TM) Client VM (24.71-b01) for windows-x86 JRE (1.7.0_71-b14), built on Sep 26 2014 16:30:49 by "java_re" with unknown MS VC++:1600

time: Mon Jun 01 11:46:56 2015
elapsed time: 167 seconds

